    1  grep vboxsf /etc/group
    2  id user_name
    3  id phannjimmy
    4  sudo usermod -a -G vboxsfnilo 
    5  sudo usermod -a -G vboxsf nilo 
    6  clear
    7  sudo apt install gcc
    8  sudo apt install make 
    9  sudo snap install clion --classic
   10  clion
   11  ls
   12  cd
   13  ls
   14  cd Desktop/
   15  ls
   16  cd ..
   17  cd CLionProjects/
   18  ls
   19  cd CS149/
   20  ls
   21  clion
   22  sudo snap install kate --classic 
   23  kate
   24  cd ..
   25  cd .
   26  cd ..
   27  ls
   28  pwd
   29  cd ~
   30  cd Desktop/
   31  ls -latr ; mkdir cs149 ; cd cs149
   32  git init 
   33  sudo apt install git 
   34  git init 
   35  git remote add origin https://github.com/PhannJimmy/CS149.git
   36  git config --global user.emailPhannnjimmy@gmail.com
   37  git config --global user.name Jimmy Phan
   38* it remote add origin https://github.com/PhannJimmy/CS149.git
   39  mkdir WS1
   40  cd WS1
   41  ls
   42  kate
   43  ls
   44  gcc 1.15Lab.c 
   45  /usr/bin/kate
   46  cd ~
   47  ls
   48  cd Desktop/
   49  ls
   50  cd cs149/
   51  ls
   52  cd WS1/
   53  gcc 1.15Lab.c 
   54  gcc file testing.c
   55  gcc teesting.c
   56  gcc testing.c
   57  gcc 1.15Lab.c
   58  gcc -v
   59  touch 1.15Lab.c 
   60  ls
   61  ./a.out 
   62  gcc 1.16Lab.c
   63  ./a.out 
   64  gcc 1.17Lab.c
   65  ./a.out 
   66  gcc 1.17Lab.c 
   67  ./a.out 
   68  kate
   69  gcc 1.17Lab.c 
   70  ./a.out 
   71  gcc 1.18Lab.c 
   72  ./a.out 
   73  gcc 1.19Lab.c 
   74  ./a.out 
   75  gcc 1.20Lab.c 
   76  ./a.out 
   77  git add .
   78  wget -O out.pdf https://tinyurl.com/yy94jltt
   79  ls -latr
   80  history > cmds.log
